[20:01:29] [main/INFO]: [OptiFine] (Reflector) Field not found: World.tileEntitiesToBeRemoved
[20:01:29] [main/INFO]: [OptiFine] (Reflector) Class not present: net.minecraftforge.eventbus.api.Event$Result
[20:01:29] [main/INFO]: [OptiFine] (Reflector) Method not present: net.minecraftforge.common.extensions.IForgeBlockState.hasTileEntity
[20:01:29] [main/INFO]: [OptiFine] (Reflector) Class not present: net.minecraftforge.common.extensions.IForgeEntity
[20:01:29] [main/INFO]: [OptiFine] (Reflector) Class not present: net.minecraftforge.fml.CrashReportExtender
[20:01:30] [main/INFO]: [OptiFine] (Reflector) Method not present: net.minecraft.tags.ItemTags.createOptional
[20:01:33] [main/INFO]: [OptiFine] (Reflector) Class not present: net.minecraftforge.client.ForgeHooksClient
[20:01:33] [main/INFO]: Environment: authHost='https://authserver.mojang.com', accountsHost='https://api.mojang.com', sessionHost='https://sessionserver.mojang.com', servicesHost='https://api.minecraftservices.com', name='PROD'
[20:01:34] [main/INFO]: Setting user: halaldeveloper
[20:01:34] [main/INFO]: [OptiFine] (Reflector) Class not present: net.minecraftforge.client.settings.KeyConflictContext
[20:01:34] [main/INFO]: [OptiFine] (Reflector) Class not present: net.minecraftforge.client.settings.KeyModifier
[20:01:34] [main/INFO]: Backend library: LWJGL version 3.2.2 build 10
[20:01:34] [main/INFO]: [OptiFine] (Reflector) Method not present: net.minecraftforge.fml.loading.progress.EarlyProgressVisualization.handOffWindow
[20:01:35] [main/INFO]: [OptiFine] 
[20:01:35] [main/INFO]: [OptiFine] OptiFine_1.16.5_HD_U_G8
[20:01:35] [main/INFO]: [OptiFine] (Reflector) Class not present: optifine.OptiFineResourceLocator
[20:01:35] [main/INFO]: [OptiFine] Build: null
[20:01:35] [main/INFO]: [OptiFine] OS: Windows 10 (amd64) version 10.0
[20:01:35] [main/INFO]: [OptiFine] Java: 17.0.8.1, Amazon.com Inc.
[20:01:35] [main/INFO]: [OptiFine] VM: OpenJDK 64-Bit Server VM (mixed mode, sharing), Amazon.com Inc.
[20:01:35] [main/INFO]: [OptiFine] LWJGL: 3.3.0 Win32 WGL EGL OSMesa VisualC DLL
[20:01:35] [main/INFO]: [OptiFine] OpenGL: NVIDIA GeForce GTX 1660 SUPER/PCIe/SSE2, version 4.6.0 NVIDIA 536.23, NVIDIA Corporation
[20:01:35] [main/INFO]: [OptiFine] OpenGL Version: 4.6.0
[20:01:35] [main/INFO]: [OptiFine] Maximum texture size: 32768x32768
[20:01:35] [VersionCheck/INFO]: [OptiFine] Checking for new version
[20:01:35] [main/INFO]: [Shaders] OpenGL Version: 4.6.0 NVIDIA 536.23
[20:01:35] [main/INFO]: [Shaders] Vendor:  NVIDIA Corporation
[20:01:35] [main/INFO]: [Shaders] Renderer: NVIDIA GeForce GTX 1660 SUPER/PCIe/SSE2
[20:01:35] [main/INFO]: [Shaders] Capabilities:  2.0  2.1  3.0  3.2  4.0 
[20:01:35] [main/INFO]: [Shaders] GL_MAX_DRAW_BUFFERS: 8
[20:01:35] [main/INFO]: [Shaders] GL_MAX_COLOR_ATTACHMENTS_EXT: 8
[20:01:35] [main/INFO]: [Shaders] GL_MAX_TEXTURE_IMAGE_UNITS: 32
[20:01:35] [main/INFO]: [Shaders] Load shaders configuration.
[20:01:35] [main/INFO]: [Shaders] No shaderpack loaded.
[20:01:35] [main/INFO]: [OptiFine] (Reflector) Class not present: net.minecraftforge.fml.common.Loader
[20:01:35] [main/WARN]: [OptiFine] java.lang.ClassNotFoundException: sun.misc.SharedSecrets
[20:01:35] [main/WARN]: [OptiFine] java.lang.ClassNotFoundException: jdk.internal.misc.SharedSecrets
[20:01:35] [main/WARN]: [OptiFine] java.lang.ClassNotFoundException: sun.misc.VM
[20:01:35] [main/WARN]: [OptiFine] java.lang.reflect.InaccessibleObjectException: Unable to make public static long jdk.internal.misc.VM.maxDirectMemory() accessible: module java.base does not "exports jdk.internal.misc" to unnamed module @44c8afef
[20:01:35] [VersionCheck/INFO]: [OptiFine] Version found: G7
[20:01:35] [main/INFO]: [OptiFine] (Reflector) Class not present: net.minecraftforge.client.ItemModelMesherForge
[20:01:36] [main/INFO]: [OptiFine] (Reflector) Class not present: net.minecraftforge.client.model.pipeline.ForgeBlockModelRenderer
[20:01:36] [main/INFO]: Narrator library for x64 successfully loaded
[20:01:36] [main/INFO]: [STDOUT]: C:\Users\salam4ik'\expensive\scripts\test.lua
[20:01:36] [main/INFO]: [OptiFine] (Reflector) Class not present: net.minecraftforge.fml.client.gui.screen.ModListScreen
[20:01:36] [main/INFO]: [OptiFine] (Reflector) Class not present: net.minecraftforge.client.gui.NotificationModUpdateScreen
[20:01:36] [main/INFO]: Reloading ResourceManager: Default, !              §bAnglerfish.zip
[20:01:36] [main/INFO]: [OptiFine] *** Reloading textures ***
[20:01:36] [main/INFO]: [OptiFine] Resource packs: !              §bAnglerfish.zip
[20:01:36] [Worker-Main-2/INFO]: [OptiFine] (Reflector) Class not present: net.minecraftforge.client.model.ModelLoaderRegistry
[20:01:36] [Worker-Main-4/INFO]: [OptiFine] Multitexture: false
[20:01:36] [Worker-Main-3/INFO]: [OptiFine] Multitexture: false
[20:01:36] [Worker-Main-7/INFO]: [OptiFine] Multitexture: false
[20:01:36] [main/INFO]: [OptiFine] (Reflector) Method not present: net.minecraft.client.renderer.RenderTypeLookup.canRenderInLayer
[20:01:36] [main/INFO]: [OptiFine] *** Reflector Forge ***
[20:01:36] [main/INFO]: [OptiFine] (Reflector) Class not present: mods.betterfoliage.client.BetterFoliageClient
[20:01:36] [main/INFO]: [OptiFine] (Reflector) Class not present: net.minecraftforge.fml.BrandingControl
[20:01:36] [main/INFO]: [OptiFine] (Reflector) Class not present: net.minecraftforge.common.capabilities.ICapabilityProvider
[20:01:36] [main/INFO]: [OptiFine] (Reflector) Class not present: net.minecraftforge.common.capabilities.CapabilityProvider
[20:01:36] [main/INFO]: [OptiFine] (Reflector) Class not present: net.minecraftforge.fml.client.ClientModLoader
[20:01:36] [main/INFO]: [OptiFine] (Reflector) Class not present: net.minecraftforge.event.world.ChunkDataEvent$Save
[20:01:36] [main/INFO]: [OptiFine] (Reflector) Class not present: net.minecraftforge.event.world.ChunkEvent$Load
[20:01:36] [main/INFO]: [OptiFine] (Reflector) Class not present: net.minecraftforge.event.world.ChunkEvent$Unload
[20:01:36] [main/INFO]: [OptiFine] (Reflector) Class not present: net.minecraftforge.fml.client.ClientHooks
[20:01:36] [main/INFO]: [OptiFine] (Reflector) Class not present: net.minecraftforge.client.event.GuiScreenEvent$DrawScreenEvent$Pre
[20:01:36] [main/INFO]: [OptiFine] (Reflector) Class not present: net.minecraftforge.client.event.GuiScreenEvent$DrawScreenEvent$Post
[20:01:36] [main/INFO]: [OptiFine] (Reflector) Class not present: net.minecraftforge.event.entity.EntityLeaveWorldEvent
[20:01:36] [main/INFO]: [OptiFine] (Reflector) Class not present: net.minecraftforge.client.event.EntityViewRenderEvent$CameraSetup
[20:01:36] [main/INFO]: [OptiFine] (Reflector) Class not present: net.minecraftforge.client.event.EntityViewRenderEvent$FogColors
[20:01:36] [main/INFO]: [OptiFine] (Reflector) Class not present: net.minecraftforge.client.event.EntityViewRenderEvent$RenderFogEvent
[20:01:36] [main/INFO]: [OptiFine] (Reflector) Class not present: net.minecraftforge.event.entity.EntityJoinWorldEvent
[20:01:36] [main/INFO]: [OptiFine] (Reflector) Method not present: net.minecraftforge.eventbus.api.Event.isCanceled
[20:01:36] [main/INFO]: [OptiFine] (Reflector) Method not present: net.minecraftforge.eventbus.api.Event.getResult
[20:01:36] [main/INFO]: [OptiFine] (Reflector) Class not present: net.minecraftforge.eventbus.api.IEventBus
[20:01:36] [main/INFO]: [OptiFine] (Reflector) Class not present: net.minecraftforge.common.extensions.IForgeBlock
[20:01:36] [main/INFO]: [OptiFine] (Reflector) Method not present: net.minecraft.client.renderer.BlockModelShapes.getTexture
[20:01:36] [main/INFO]: [OptiFine] (Reflector) Method not present: net.minecraftforge.common.extensions.IForgeBlockState.addDestroyEffects
[20:01:36] [main/INFO]: [OptiFine] (Reflector) Method not present: net.minecraftforge.common.extensions.IForgeBlockState.addHitEffects
[20:01:36] [main/INFO]: [OptiFine] (Reflector) Method not present: net.minecraftforge.common.extensions.IForgeBlockState.getLightValue
[20:01:36] [main/INFO]: [OptiFine] (Reflector) Method not present: net.minecraftforge.common.extensions.IForgeBlockState.getSoundType
[20:01:36] [main/INFO]: [OptiFine] (Reflector) Method not present: net.minecraftforge.common.extensions.IForgeBlockState.getStateAtViewpoint
[20:01:36] [main/INFO]: [OptiFine] (Reflector) Method not present: net.minecraftforge.common.extensions.IForgeBlockState.isAir
[20:01:36] [main/INFO]: [OptiFine] (Reflector) Method not present: net.minecraftforge.common.extensions.IForgeBlockState.shouldDisplayFluidOverlay
[20:01:36] [main/INFO]: [OptiFine] (Reflector) Class not present: net.minecraftforge.common.extensions.IForgeFluid
[20:01:36] [main/INFO]: [OptiFine] (Reflector) Class not present: net.minecraftforge.fluids.FluidAttributes
[20:01:36] [main/INFO]: [OptiFine] (Reflector) Method not present: net.minecraft.entity.EntityType.getTags
[20:01:36] [main/INFO]: [OptiFine] (Reflector) Class not present: net.minecraftforge.event.ForgeEventFactory
[20:01:36] [main/INFO]: [OptiFine] (Reflector) Method not present: net.minecraft.fluid.Fluid.getTags
[20:01:36] [main/INFO]: [OptiFine] (Reflector) Class not present: net.minecraftforge.common.ForgeHooks
[20:01:36] [main/INFO]: [OptiFine] (Reflector) Class not present: net.minecraftforge.common.ForgeConfig
[20:01:36] [main/INFO]: [OptiFine] (Reflector) Class not present: net.minecraftforge.common.ForgeConfig$Client
[20:01:36] [main/INFO]: [OptiFine] (Reflector) Class not present: net.minecraftforge.common.ForgeConfigSpec
[20:01:36] [main/INFO]: [OptiFine] (Reflector) Class not present: net.minecraftforge.common.ForgeConfigSpec$ConfigValue
[20:01:36] [main/INFO]: [OptiFine] (Reflector) Method not present: net.minecraft.world.chunk.IChunk.getWorldForge
[20:01:36] [main/INFO]: [OptiFine] (Reflector) Class not present: net.minecraftforge.common.extensions.IForgeItem
[20:01:36] [main/INFO]: [OptiFine] (Reflector) Class not present: net.minecraftforge.common.extensions.IForgeItemStack
[20:01:36] [main/INFO]: [OptiFine] (Reflector) Class not present: net.minecraftforge.fml.ForgeI18n
[20:01:36] [main/INFO]: [OptiFine] (Reflector) Method not present: net.minecraft.client.settings.KeyBinding.setKeyConflictContext
[20:01:36] [main/INFO]: [OptiFine] (Reflector) Method not present: net.minecraft.client.settings.KeyBinding.setKeyModifierAndCode
[20:01:36] [main/INFO]: [OptiFine] (Reflector) Method not present: net.minecraft.client.settings.KeyBinding.getKeyModifier
[20:01:36] [main/INFO]: [OptiFine] (Reflector) Class not present: net.minecraftforge.common.extensions.IForgeEffectInstance
[20:01:36] [main/INFO]: [OptiFine] (Reflector) Class not present: net.minecraftforge.registries.ForgeRegistryEntry
[20:01:36] [main/INFO]: [OptiFine] (Reflector) Method not present: net.minecraft.client.renderer.RenderTypeLookup.canRenderInLayer
[20:01:36] [main/INFO]: [OptiFine] (Reflector) Constructor not present: net.minecraft.world.server.Ticket, params: class net.minecraft.world.server.TicketType, int, class java.lang.Object, boolean
[20:01:36] [main/INFO]: [OptiFine] (Reflector) Method not present: net.minecraft.world.server.Ticket.isForceTicks
[20:01:36] [main/INFO]: [OptiFine] (Reflector) Class not present: net.minecraftforge.common.extensions.IForgeTileEntity
[20:01:37] [main/INFO]: [OptiFine] (Reflector) Method not present: net.minecraft.client.world.DimensionRenderInfo.getCloudRenderHandler
[20:01:37] [main/INFO]: [OptiFine] (Reflector) Method not present: net.minecraft.client.world.DimensionRenderInfo.getSkyRenderHandler
[20:01:37] [main/INFO]: [OptiFine] (Reflector) Method not present: net.minecraft.client.world.DimensionRenderInfo.getWeatherParticleRenderHandler
[20:01:37] [main/INFO]: [OptiFine] (Reflector) Method not present: net.minecraft.client.world.DimensionRenderInfo.getWeatherRenderHandler
[20:01:37] [main/INFO]: [OptiFine] (Reflector) Class not present: net.minecraftforge.client.IRenderHandler
[20:01:37] [main/INFO]: [OptiFine] (Reflector) Class not present: net.minecraftforge.client.model.pipeline.LightUtil
[20:01:37] [main/INFO]: [OptiFine] (Reflector) Class not present: net.minecraftforge.common.MinecraftForge
[20:01:37] [main/INFO]: [OptiFine] (Reflector) Class not present: net.minecraftforge.client.MinecraftForgeClient
[20:01:37] [main/INFO]: [OptiFine] (Reflector) Class not present: net.minecraftforge.fml.common.ModContainer
[20:01:37] [main/INFO]: [OptiFine] (Reflector) Class not present: net.minecraftforge.entity.PartEntity
[20:01:37] [main/INFO]: [OptiFine] (Reflector) Class not present: net.minecraftforge.event.entity.PlaySoundAtEntityEvent
[20:01:37] [main/INFO]: [OptiFine] (Reflector) Class not present: net.minecraftforge.client.event.RenderBlockOverlayEvent$OverlayType
[20:01:37] [main/INFO]: [OptiFine] (Reflector) Class not present: net.minecraftforge.fml.client.registry.RenderingRegistry
[20:01:37] [main/INFO]: [OptiFine] (Reflector) Class not present: net.minecraftforge.client.event.RenderGameOverlayEvent$BossInfo
[20:01:37] [main/INFO]: [OptiFine] (Reflector) Class not present: net.minecraftforge.client.event.RenderItemInFrameEvent
[20:01:37] [main/INFO]: [OptiFine] (Reflector) Class not present: net.minecraftforge.client.event.RenderLivingEvent$Pre
[20:01:37] [main/INFO]: [OptiFine] (Reflector) Class not present: net.minecraftforge.client.event.RenderLivingEvent$Post
[20:01:37] [main/INFO]: [OptiFine] (Reflector) Class not present: net.minecraftforge.client.event.RenderNameplateEvent
[20:01:37] [main/INFO]: [OptiFine] (Reflector) Class not present: net.minecraftforge.client.event.ScreenshotEvent
[20:01:37] [main/INFO]: [OptiFine] (Reflector) Class not present: net.minecraftforge.fml.server.ServerLifecycleHooks
[20:01:37] [main/INFO]: [OptiFine] (Reflector) Class not present: net.minecraftforge.event.world.WorldEvent$Load
[20:01:37] [main/INFO]: [OptiFine] *** Reflector Vanilla ***
[20:01:37] [Realms Notification Availability checker #1/INFO]: Could not authorize you against Realms server: Invalid session id
[20:01:41] [Worker-Main-2/WARN]: [OptiFine] Unknown resource pack type: net.minecraft.client.resources.LegacyResourcePackWrapper@73cb045f
[20:01:41] [Worker-Main-2/WARN]: [OptiFine] Unknown resource pack type: net.minecraft.client.resources.LegacyResourcePackWrapper@73cb045f
[20:01:41] [Worker-Main-2/WARN]: [OptiFine] Unknown resource pack type: net.minecraft.client.resources.LegacyResourcePackWrapper@73cb045f
[20:01:41] [Worker-Main-2/WARN]: [OptiFine] Unknown resource pack type: net.minecraft.client.resources.LegacyResourcePackWrapper@73cb045f
[20:01:41] [Worker-Main-2/INFO]: [OptiFine] Multitexture: false
[20:01:41] [Worker-Main-2/WARN]: [OptiFine] Unknown resource pack type: net.minecraft.client.resources.LegacyResourcePackWrapper@505cfcdc
[20:01:41] [Worker-Main-2/INFO]: [OptiFine] Multipass connected textures: false
[20:01:41] [Worker-Main-2/INFO]: [OptiFine] Multipass connected textures: false
[20:01:41] [Worker-Main-2/INFO]: [OptiFine] BetterGrass: Parsing default configuration optifine/bettergrass.properties
[20:01:42] [Worker-Main-2/INFO]: [OptiFine] Mipmap levels: 4
[20:01:43] [Worker-Main-2/INFO]: [OptiFine] Multitexture: false
[20:01:43] [Worker-Main-2/INFO]: [OptiFine] Sprite size: 64
[20:01:43] [Worker-Main-2/INFO]: [OptiFine] Mipmap levels: 6
[20:01:43] [Worker-Main-2/INFO]: [OptiFine] Multitexture: false
[20:01:43] [Worker-Main-2/INFO]: [OptiFine] Sprite size: 64
[20:01:43] [Worker-Main-2/INFO]: [OptiFine] Mipmap levels: 6
[20:01:43] [Worker-Main-2/INFO]: [OptiFine] Multitexture: false
[20:01:43] [Worker-Main-2/INFO]: [OptiFine] Sprite size: 64
[20:01:43] [Worker-Main-2/INFO]: [OptiFine] Mipmap levels: 6
[20:01:43] [Worker-Main-2/INFO]: [OptiFine] Multitexture: false
[20:01:43] [Worker-Main-2/INFO]: [OptiFine] Sprite size: 64
[20:01:43] [Worker-Main-2/INFO]: [OptiFine] Mipmap levels: 6
[20:01:43] [Worker-Main-2/INFO]: [OptiFine] Multitexture: false
[20:01:43] [Worker-Main-2/INFO]: [OptiFine] Sprite size: 64
[20:01:43] [Worker-Main-2/INFO]: [OptiFine] Mipmap levels: 6
[20:01:43] [Worker-Main-2/INFO]: [OptiFine] Multitexture: false
[20:01:43] [Worker-Main-2/INFO]: [OptiFine] Sprite size: 64
[20:01:43] [Worker-Main-2/INFO]: [OptiFine] Mipmap levels: 6
[20:01:43] [main/INFO]: OpenAL initialized.
[20:01:43] [main/INFO]: Sound engine started
[20:01:43] [main/INFO]: Created: 2048x1024x4 minecraft:textures/atlas/blocks.png-atlas
[20:01:43] [main/INFO]: [OptiFine] Animated sprites: 47
[20:01:43] [main/INFO]: Created: 256x128x4 minecraft:textures/atlas/signs.png-atlas
[20:01:43] [main/INFO]: [OptiFine] Animated sprites: 0
[20:01:43] [main/INFO]: Created: 512x512x4 minecraft:textures/atlas/banner_patterns.png-atlas
[20:01:43] [main/INFO]: [OptiFine] Animated sprites: 0
[20:01:43] [main/INFO]: Created: 512x512x4 minecraft:textures/atlas/shield_patterns.png-atlas
[20:01:43] [main/INFO]: [OptiFine] Animated sprites: 0
[20:01:43] [main/INFO]: Created: 256x256x4 minecraft:textures/atlas/chest.png-atlas
[20:01:43] [main/INFO]: [OptiFine] Animated sprites: 0
[20:01:43] [main/INFO]: Created: 512x256x4 minecraft:textures/atlas/beds.png-atlas
[20:01:43] [main/INFO]: [OptiFine] Animated sprites: 0
[20:01:43] [main/INFO]: Created: 512x256x4 minecraft:textures/atlas/shulker_boxes.png-atlas
[20:01:43] [main/INFO]: [OptiFine] Animated sprites: 0
[20:01:44] [main/INFO]: Created: 256x256x0 minecraft:textures/atlas/particles.png-atlas
[20:01:44] [main/INFO]: [OptiFine] Animated sprites: 0
[20:01:44] [main/INFO]: Created: 256x256x0 minecraft:textures/atlas/paintings.png-atlas
[20:01:44] [main/INFO]: [OptiFine] Animated sprites: 0
[20:01:44] [main/INFO]: Created: 128x128x0 minecraft:textures/atlas/mob_effects.png-atlas
[20:01:44] [main/INFO]: [OptiFine] Animated sprites: 0
[20:01:44] [main/INFO]: [OptiFine] *** Reloading custom textures ***
[20:01:44] [main/WARN]: [OptiFine] Unknown resource pack type: net.minecraft.client.resources.LegacyResourcePackWrapper@1723640f
[20:01:44] [main/WARN]: [OptiFine] Unknown resource pack type: net.minecraft.client.resources.LegacyResourcePackWrapper@694c23e4
[20:01:44] [main/WARN]: [OptiFine] Unknown resource pack type: net.minecraft.client.resources.LegacyResourcePackWrapper@50853850
[20:01:47] [main/WARN]: [OptiFine] Unknown resource pack type: net.minecraft.client.resources.LegacyResourcePackWrapper@37264d08
[20:01:47] [main/WARN]: [OptiFine] Unknown resource pack type: net.minecraft.client.resources.LegacyResourcePackWrapper@43758a1
[20:01:47] [main/WARN]: [OptiFine] Unknown resource pack type: net.minecraft.client.resources.LegacyResourcePackWrapper@3ea95c22
[20:01:47] [main/INFO]: [OptiFine] Disable Forge light pipeline
